Copyright 1986-2018 Xilinx, Inc. All Rights Reserved.
-----------------------------------------------------------------------------------------------------------------------------------------------------------------------------------------------------
| Tool Version : Vivado v.2018.2 (lin64) Build 2258646 Thu Jun 14 20:02:38 MDT 2018
| Date         : Sat Feb 16 19:29:00 2019
| Host         : della2.princeton.edu running 64-bit Springdale Linux release 7.6 (Verona)
| Command      : report_utilization -pblock [get_pblocks pblock_CL] -file /tigress/gchirkov/aws-fpga/hdk/cl/developer_designs/cl_dram_dma/build/reports/19_02_16-162632.utilization_route_design.rpt
| Design       : top_sp
| Device       : xcvu9pflgb2104-2
| Design State : Routed
-----------------------------------------------------------------------------------------------------------------------------------------------------------------------------------------------------

Utilization Design Information

Table of Contents
-----------------
1. Pblock Summary
2. Clock Region Statistics
3. CLB Logic
3.1 Summary of Registers by Type
4. CLB Logic Distribution
5. BLOCKRAM
6. ARITHMETIC
7. I/O
8. CLOCK
9. ADVANCED
10. CONFIGURATION
11. Primitives
12. Black Boxes
13. Instantiated Netlists
14. SLR Connectivity and Clocking Utilization
15. SLR Connectivity Matrix
16. SLR CLB Logic and Dedicated Block Utilization
17. SLR IO Utilization

1. Pblock Summary
-----------------

+-------+-----------+---------------+-------------------+-----------------+----------------+
| Index |   Parent  |     Child     | EXCLUDE_PLACEMENT | CONTAIN_ROUTING | SLR(s) Covered |
+-------+-----------+---------------+-------------------+-----------------+----------------+
| 1     | pblock_CL |               |                 1 |               1 | SLR0,SLR1,SLR2 |
| 2     |           | pblock_CL_top |                 0 |               0 |           SLR2 |
| 3     |           | pblock_CL_mid |                 0 |               0 |           SLR1 |
| 4     |           | pblock_CL_bot |                 0 |               0 |           SLR0 |
+-------+-----------+---------------+-------------------+-----------------+----------------+


2. Clock Region Statistics
--------------------------

+-------------+--------------------+
| CLOCKREGION | Pblock Sites in CR |
+-------------+--------------------+
| X0Y0        |              1.78% |
| X0Y1        |              1.58% |
| X0Y10       |              1.78% |
| X0Y11       |              1.58% |
| X0Y12       |              1.58% |
| X0Y13       |              1.58% |
| X0Y14       |              1.78% |
| X0Y2        |              1.58% |
| X0Y3        |              1.58% |
| X0Y4        |              1.78% |
| X0Y5        |              1.78% |
| X0Y6        |              1.58% |
| X0Y7        |              1.58% |
| X0Y8        |              1.58% |
| X0Y9        |              1.78% |
| X1Y0        |              1.34% |
| X1Y1        |              1.14% |
| X1Y10       |              1.34% |
| X1Y11       |              1.14% |
| X1Y12       |              1.14% |
| X1Y13       |              1.14% |
| X1Y14       |              1.34% |
| X1Y2        |              1.14% |
| X1Y3        |              1.14% |
| X1Y4        |              1.34% |
| X1Y5        |              1.34% |
| X1Y6        |              1.14% |
| X1Y7        |              1.14% |
| X1Y8        |              1.14% |
| X1Y9        |              1.34% |
| X2Y0        |              1.94% |
| X2Y1        |              1.74% |
| X2Y10       |              1.94% |
| X2Y11       |              1.74% |
| X2Y12       |              1.74% |
| X2Y13       |              1.74% |
| X2Y14       |              1.94% |
| X2Y2        |              1.74% |
| X2Y3        |              1.74% |
| X2Y4        |              1.94% |
| X2Y5        |              1.94% |
| X2Y6        |              1.74% |
| X2Y7        |              1.74% |
| X2Y8        |              1.74% |
| X2Y9        |              1.94% |
| X3Y0        |              0.93% |
| X3Y1        |              0.73% |
| X3Y10       |              1.34% |
| X3Y11       |              1.14% |
| X3Y12       |              1.14% |
| X3Y13       |              1.14% |
| X3Y14       |              1.34% |
| X3Y2        |              0.73% |
| X3Y3        |              0.73% |
| X3Y4        |              0.93% |
| X3Y5        |              0.93% |
| X3Y6        |              0.73% |
| X3Y7        |              0.73% |
| X3Y8        |              0.73% |
| X3Y9        |              0.93% |
| X4Y10       |              1.78% |
| X4Y11       |              1.58% |
| X4Y12       |              1.58% |
| X4Y13       |              1.58% |
| X4Y14       |              1.78% |
| X5Y10       |              1.51% |
| X5Y11       |              1.31% |
| X5Y12       |              1.31% |
| X5Y13       |              1.31% |
| X5Y14       |              1.51% |
+-------------+--------------------+


3. CLB Logic
------------

+----------------------------+--------+--------+--------------+--------+-------+-----------+-------+
|          Site Type         | Parent |  Child | Non-Assigned |  Used  | Fixed | Available | Util% |
+----------------------------+--------+--------+--------------+--------+-------+-----------+-------+
| CLB LUTs                   |   1440 |  86516 |            0 |  87951 |     0 |    895200 |  9.82 |
|   LUT as Logic             |   1440 |  74559 |            0 |  75994 |     0 |    895200 |  8.49 |
|   LUT as Memory            |      0 |  11957 |            0 |  11957 |     0 |    450720 |  2.65 |
|     LUT as Distributed RAM |      0 |   6156 |            0 |   6156 |     0 |           |       |
|     LUT as Shift Register  |      0 |   5801 |            0 |   5801 |     0 |           |       |
| CLB Registers              |   1908 | 132845 |            0 | 134753 |     6 |   1790400 |  7.53 |
|   Register as Flip Flop    |   1908 | 132842 |            0 | 134750 |     6 |   1790400 |  7.53 |
|   Register as Latch        |      0 |      0 |            0 |      0 |     0 |   1790400 |  0.00 |
|   Register as AND/OR       |      0 |      3 |            0 |      3 |     0 |   1790400 | <0.01 |
| CARRY8                     |      0 |    246 |            0 |    246 |     0 |    111900 |  0.22 |
| F7 Muxes                   |      0 |   1377 |            0 |   1377 |     0 |    447600 |  0.31 |
| F8 Muxes                   |      0 |     87 |            0 |     87 |     0 |    223800 |  0.04 |
| F9 Muxes                   |      0 |      0 |            0 |      0 |     0 |    111900 |  0.00 |
+----------------------------+--------+--------+--------------+--------+-------+-----------+-------+


3.1 Summary of Registers by Type
--------------------------------

+--------+--------------+-------------+--------------+
|  Total | Clock Enable | Synchronous | Asynchronous |
+--------+--------------+-------------+--------------+
| 3      |            _ |           - |            - |
| 0      |            _ |           - |          Set |
| 0      |            _ |           - |        Reset |
| 0      |            _ |         Set |            - |
| 0      |            _ |       Reset |            - |
| 0      |          Yes |           - |            - |
| 669    |          Yes |           - |          Set |
| 1914   |          Yes |           - |        Reset |
| 3407   |          Yes |         Set |            - |
| 128760 |          Yes |       Reset |            - |
+--------+--------------+-------------+--------------+


4. CLB Logic Distribution
-------------------------

+-------------------------------------------+--------+-------+--------------+-------+-------+-----------+-------+
|                 Site Type                 | Parent | Child | Non-Assigned |  Used | Fixed | Available | Util% |
+-------------------------------------------+--------+-------+--------------+-------+-------+-----------+-------+
| CLB                                       |    931 | 22807 |            0 | 23287 |     0 |    111900 | 20.81 |
|   CLBL                                    |    373 | 11345 |            0 | 11534 |     0 |           |       |
|   CLBM                                    |    558 | 11462 |            0 | 11753 |     0 |           |       |
| LUT as Logic                              |   1440 | 74559 |            0 | 75994 |     0 |    895200 |  8.49 |
|   using O5 output only                    |      8 |  1421 |            0 |  1424 |       |           |       |
|   using O6 output only                    |    685 | 50010 |            0 | 50690 |       |           |       |
|   using O5 and O6                         |    747 | 23128 |            0 | 23880 |       |           |       |
| LUT as Memory                             |      0 | 11957 |            0 | 11957 |     0 |    450720 |  2.65 |
|   LUT as Distributed RAM                  |      0 |  6156 |            0 |  6156 |     0 |           |       |
|     using O5 output only                  |      0 |     0 |            0 |     0 |       |           |       |
|     using O6 output only                  |      0 |     0 |            0 |     0 |       |           |       |
|     using O5 and O6                       |      0 |  6156 |            0 |  6156 |       |           |       |
|   LUT as Shift Register                   |      0 |  5801 |            0 |  5801 |     0 |           |       |
|     using O5 output only                  |      0 |     0 |            0 |     0 |       |           |       |
|     using O6 output only                  |      0 |  5687 |            0 |  5687 |       |           |       |
|     using O5 and O6                       |      0 |   114 |            0 |   114 |       |           |       |
| LUT Flip Flop Pairs                       |     10 | 38248 |            0 | 38286 |     0 |    895200 |  4.28 |
|   fully used LUT-FF pairs                 |      0 | 15000 |            0 | 15000 |       |           |       |
|   LUT-FF pairs with one unused LUT output |     10 | 21888 |            0 | 21922 |       |           |       |
|   LUT-FF pairs with one unused Flip Flop  |      7 | 16740 |            0 | 16747 |       |           |       |
| Unique Control Sets                       |     13 |  3850 |            0 |  3860 |       |           |       |
+-------------------------------------------+--------+-------+--------------+-------+-------+-----------+-------+
* Note: Review the Control Sets Report for more information regarding control sets.


5. BLOCKRAM
-----------

+-------------------+--------+-------+--------------+------+-------+-----------+-------+
|     Site Type     | Parent | Child | Non-Assigned | Used | Fixed | Available | Util% |
+-------------------+--------+-------+--------------+------+-------+-----------+-------+
| Block RAM Tile    |      0 |  76.5 |            0 | 76.5 |     0 |      1680 |  4.55 |
|   RAMB36/FIFO*    |      0 |    75 |            0 |   75 |     0 |      1680 |  4.46 |
|     RAMB36E2 only |      0 |    75 |            0 |   75 |       |           |       |
|   RAMB18          |      0 |     3 |            0 |    3 |     0 |      3360 |  0.09 |
|     RAMB18E2 only |      0 |     3 |            0 |    3 |       |           |       |
| URAM              |      0 |     0 |            0 |    0 |     0 |       800 |  0.00 |
+-------------------+--------+-------+--------------+------+-------+-----------+-------+
* Note: Each Block RAM Tile only has one FIFO logic available and therefore can accommodate only one FIFO36E2 or one FIFO18E2. However, if a FIFO18E2 occupies a Block RAM Tile, that tile can still accommodate a RAMB18E2


6. ARITHMETIC
-------------

+----------------+--------+-------+--------------+------+-------+-----------+-------+
|    Site Type   | Parent | Child | Non-Assigned | Used | Fixed | Available | Util% |
+----------------+--------+-------+--------------+------+-------+-----------+-------+
| DSPs           |      0 |     9 |            0 |    9 |     0 |      5640 |  0.16 |
|   DSP_ALU only |      0 |     9 |            0 |    9 |       |           |       |
+----------------+--------+-------+--------------+------+-------+-----------+-------+


7. I/O
------

+------------------+--------+-------+--------------+------+-------+-----------+-------+
|     Site Type    | Parent | Child | Non-Assigned | Used | Fixed | Available | Util% |
+------------------+--------+-------+--------------+------+-------+-----------+-------+
| Bonded IOB       |      0 |     0 |            0 |    0 |     0 |       468 |  0.00 |
| HPIOB_M          |      0 |     0 |            0 |    0 |     0 |       216 |  0.00 |
| HPIOB_S          |      0 |     0 |            0 |    0 |     0 |       216 |  0.00 |
| HPIOB_SNGL       |      0 |     0 |            0 |    0 |     0 |        36 |  0.00 |
| HPIOBDIFFINBUF   |      0 |    57 |            0 |   57 |    57 |       480 | 11.88 |
|   DIFFINBUF      |      0 |    57 |            0 |   57 |    57 |           |       |
| HPIOBDIFFOUTBUF  |      0 |     0 |            0 |    0 |     0 |       480 |  0.00 |
| BITSLICE_CONTROL |      0 |    72 |            0 |   72 |     0 |       160 | 45.00 |
| BITSLICE_RX_TX   |      0 |   354 |            0 |  354 |   354 |      1040 | 34.04 |
|   RXTX_BITSLICE  |      0 |   354 |            0 |  354 |   354 |           |       |
| BITSLICE_TX      |      0 |    72 |            0 |   72 |     0 |       160 | 45.00 |
| RIU_OR           |      0 |    36 |            0 |   36 |     0 |        80 | 45.00 |
+------------------+--------+-------+--------------+------+-------+-----------+-------+


8. CLOCK
--------

+----------------------+--------+-------+--------------+------+-------+-----------+-------+
|       Site Type      | Parent | Child | Non-Assigned | Used | Fixed | Available | Util% |
+----------------------+--------+-------+--------------+------+-------+-----------+-------+
| GLOBAL CLOCK BUFFERs |      1 |    10 |            0 |   11 |     0 |      1200 |  0.92 |
|   BUFGCE             |      1 |    10 |            0 |   11 |     0 |       480 |  2.29 |
|   BUFGCE_DIV         |      0 |     0 |            0 |    0 |     0 |        80 |  0.00 |
|   BUFG_GT            |      0 |     0 |            0 |    0 |     0 |       480 |  0.00 |
|   BUFGCTRL*          |      0 |     0 |            0 |    0 |     0 |       160 |  0.00 |
| PLL                  |      0 |     9 |            0 |    9 |     0 |        40 | 22.50 |
| MMCM                 |      0 |     3 |            0 |    3 |     3 |        20 | 15.00 |
+----------------------+--------+-------+--------------+------+-------+-----------+-------+
* Note: Each used BUFGCTRL counts as two global buffer resources. This table does not include global clocking resources, only buffer cell usage. See the Clock Utilization Report (report_clock_utilization) for detailed accounting of global clocking resource availability.


9. ADVANCED
-----------

+------------------+--------+-------+--------------+------+-------+-----------+-------+
|     Site Type    | Parent | Child | Non-Assigned | Used | Fixed | Available | Util% |
+------------------+--------+-------+--------------+------+-------+-----------+-------+
| CMACE4           |      0 |     0 |            0 |    0 |     0 |         9 |  0.00 |
| GTYE4_CHANNEL    |      0 |     0 |            0 |    0 |     0 |        56 |  0.00 |
| GTYE4_COMMON     |      0 |     0 |            0 |    0 |     0 |        14 |  0.00 |
| ILKNE4           |      0 |     0 |            0 |    0 |     0 |         5 |  0.00 |
| OBUFDS_GTE4      |      0 |     0 |            0 |    0 |     0 |        28 |  0.00 |
| OBUFDS_GTE4_ADV  |      0 |     0 |            0 |    0 |     0 |        28 |  0.00 |
| PCIE40E4         |      0 |     0 |            0 |    0 |     0 |         4 |  0.00 |
| SYSMONE4         |      0 |     0 |            0 |    0 |     0 |         1 |  0.00 |
| LAGUNA Registers |      0 |     0 |            0 |    0 |     0 |     46080 |  0.00 |
|   as TX_REG      |      0 |     0 |            0 |    0 |       |           |       |
|   as RX_REG      |      0 |     0 |            0 |    0 |       |           |       |
+------------------+--------+-------+--------------+------+-------+-----------+-------+


10. CONFIGURATION
-----------------

+-------------+--------+-------+--------------+------+-------+-----------+-------+
|  Site Type  | Parent | Child | Non-Assigned | Used | Fixed | Available | Util% |
+-------------+--------+-------+--------------+------+-------+-----------+-------+
| BSCANE2     |      0 |     0 |            0 |    0 |     0 |         4 |  0.00 |
| DNA_PORTE2  |      0 |     0 |            0 |    0 |     0 |         1 |  0.00 |
| EFUSE_USR   |      0 |     0 |            0 |    0 |     0 |         1 |  0.00 |
| FRAME_ECCE4 |      0 |     0 |            0 |    0 |     0 |         1 |  0.00 |
| ICAPE3      |      0 |     0 |            0 |    0 |     0 |         2 |  0.00 |
| MASTER_JTAG |      0 |     0 |            0 |    0 |     0 |         1 |  0.00 |
| STARTUPE3   |      0 |     0 |            0 |    0 |     0 |         1 |  0.00 |
+-------------+--------+-------+--------------+------+-------+-----------+-------+


11. Primitives
--------------

+------------------+--------+---------------------+
|     Ref Name     |  Used  | Functional Category |
+------------------+--------+---------------------+
| FDRE             | 128760 |            Register |
| LUT3             |  35739 |                 CLB |
| LUT6             |  26140 |                 CLB |
| LUT5             |  14668 |                 CLB |
| LUT2             |   9953 |                 CLB |
| LUT4             |   9936 |                 CLB |
| RAMD32           |   9900 |                 CLB |
| SRL16E           |   4070 |                 CLB |
| LUT1             |   3438 |                 CLB |
| FDSE             |   3407 |            Register |
| RAMS32           |   2412 |                 CLB |
| FDCE             |   1914 |            Register |
| SRLC32E          |   1845 |                 CLB |
| MUXF7            |   1377 |                 CLB |
| FDPE             |    669 |            Register |
| RXTX_BITSLICE    |    354 |                 I/O |
| IBUFCTRL         |    273 |              Others |
| CARRY8           |    246 |                 CLB |
| OBUFT_DCIEN      |    216 |                 I/O |
| INBUF            |    216 |                 I/O |
| OBUFT            |    108 |                 I/O |
| MUXF8            |     87 |                 CLB |
| OBUF             |     84 |                 I/O |
| RAMB36E2         |     75 |           Block Ram |
| TX_BITSLICE_TRI  |     72 |                 I/O |
| BITSLICE_CONTROL |     72 |                 I/O |
| DIFFINBUF        |     57 |                 I/O |
| INV              |     54 |                 CLB |
| RIU_OR           |     36 |                 I/O |
| HPIO_VREF        |     27 |                 I/O |
| BUFGCE           |     11 |               Clock |
| PLLE4_ADV        |      9 |               Clock |
| DSP_PREADD_DATA  |      9 |          Arithmetic |
| DSP_PREADD       |      9 |          Arithmetic |
| DSP_OUTPUT       |      9 |          Arithmetic |
| DSP_M_DATA       |      9 |          Arithmetic |
| DSP_MULTIPLIER   |      9 |          Arithmetic |
| DSP_C_DATA       |      9 |          Arithmetic |
| DSP_A_B_DATA     |      9 |          Arithmetic |
| DSP_ALU          |      9 |          Arithmetic |
| RAMB18E2         |      3 |           Block Ram |
| MMCME4_ADV       |      3 |               Clock |
| AND2B1L          |      3 |              Others |
+------------------+--------+---------------------+


12. Black Boxes
---------------

+----------+------+
| Ref Name | Used |
+----------+------+


13. Instantiated Netlists
-------------------------

+---------------+------+
|    Ref Name   | Used |
+---------------+------+
| ddr4_core_phy |    4 |
| xsdbm_CV      |    1 |
| sh_shim       |    1 |
| sh_sda        |    1 |
| dbg_hub_CV    |    1 |
| cl_dram_dma   |    1 |
| WRAPPER       |    1 |
+---------------+------+


14. SLR Connectivity and Clocking Utilization
---------------------------------------------

+----------+-----------------+---------+-----------------+--------------+-------+-------+
|          | Total SLLs Used | (%)SLLs | BUFGs/BUFGCTRLs | BUFH/BUFHCEs | BUFRs | MMCMs |
+----------+-----------------+---------+-----------------+--------------+-------+-------+
| SLR2     |                 |         |               3 |            0 |     0 |     1 |
| ||||||-> |            1307 |    7.56 |                 |              |       |       |
| SLR1     |                 |         |               5 |            0 |     0 |     1 |
| ||||||-> |            7914 |   45.80 |                 |              |       |       |
| SLR0     |                 |         |               3 |            0 |     0 |     1 |
+----------+-----------------+---------+-----------------+--------------+-------+-------+
| Total    |            9221 |         |              11 |            0 |     0 |     3 |
+----------+-----------------+---------+-----------------+--------------+-------+-------+


15. SLR Connectivity Matrix
---------------------------

+------+------+------+------+
|      | SLR2 | SLR1 | SLR0 |
+------+------+------+------+
| SLR2 |    0 | 1307 |    8 |
| SLR1 | 1307 |    0 | 7914 |
| SLR0 |    8 | 7914 |    0 |
+------+------+------+------+


16. SLR CLB Logic and Dedicated Block Utilization
-------------------------------------------------

+-----------+-------+---------+------------+-------------+---------------+-----------+-------+------+------+
| SLR Index |  CLBs | (%)CLBs | Total LUTs | Memory LUTs | (%)Total LUTs | Registers | BRAMs | URAM | DSPs |
+-----------+-------+---------+------------+-------------+---------------+-----------+-------+------+------+
| SLR2      |  5891 |   11.96 |      24225 |        3452 |          6.15 |     34296 |  25.5 |    0 |    3 |
| SLR1      | 10782 |   21.89 |      38300 |        5053 |          9.72 |     63240 |  25.5 |    0 |    3 |
| SLR0      |  6614 |   13.43 |      25426 |        3452 |          6.45 |     37217 |  25.5 |    0 |    3 |
+-----------+-------+---------+------------+-------------+---------------+-----------+-------+------+------+
| Total     | 23287 |         |      87951 |       11957 |               |    134753 |  76.5 |    0 |    9 |
+-----------+-------+---------+------------+-------------+---------------+-----------+-------+------+------+


17. SLR IO Utilization
----------------------

+-----------+-------------+---------+--------------+----------+--------------+----------+-----+
| SLR Index | Bonded IOBs | (%)IOBs | Bonded IPADs | (%)IPADs | Bonded OPADs | (%)OPADs | GTs |
+-----------+-------------+---------+--------------+----------+--------------+----------+-----+
| SLR2      |           0 |    0.00 |            0 |     0.00 |            0 |     0.00 |   0 |
| SLR1      |           0 |    0.00 |            0 |     0.00 |            0 |     0.00 |   0 |
| SLR0      |           0 |    0.00 |            0 |     0.00 |            0 |     0.00 |   0 |
+-----------+-------------+---------+--------------+----------+--------------+----------+-----+
| Total     |           0 |         |            0 |          |            0 |          |   0 |
+-----------+-------------+---------+--------------+----------+--------------+----------+-----+


