Copyright 1986-2018 Xilinx, Inc. All Rights Reserved.
----------------------------------------------------------------------------------------------------------------------------------------------------------------------------------------------
| Tool Version : Vivado v.2018.2 (lin64) Build 2258646 Thu Jun 14 20:02:38 MDT 2018
| Date         : Fri Feb  8 15:01:29 2019
| Host         : della2.princeton.edu running 64-bit Springdale Linux release 7.6 (Verona)
| Command      : report_utilization -pblock [get_pblocks pblock_CL] -file /home/gchirkov/tank/aws-fpga/hdk/cl/examples/cl_dram_dma/build/reports/19_02_08-110554.utilization_route_design.rpt
| Design       : top_sp
| Device       : xcvu9pflgb2104-2
| Design State : Routed
----------------------------------------------------------------------------------------------------------------------------------------------------------------------------------------------

Utilization Design Information

Table of Contents
-----------------
1. Pblock Summary
2. Clock Region Statistics
3. CLB Logic
3.1 Summary of Registers by Type
4. CLB Logic Distribution
5. BLOCKRAM
6. ARITHMETIC
7. I/O
8. CLOCK
9. ADVANCED
10. CONFIGURATION
11. Primitives
12. Black Boxes
13. Instantiated Netlists
14. SLR Connectivity and Clocking Utilization
15. SLR Connectivity Matrix
16. SLR CLB Logic and Dedicated Block Utilization
17. SLR IO Utilization

1. Pblock Summary
-----------------

+-------+-----------+---------------+-------------------+-----------------+----------------+
| Index |   Parent  |     Child     | EXCLUDE_PLACEMENT | CONTAIN_ROUTING | SLR(s) Covered |
+-------+-----------+---------------+-------------------+-----------------+----------------+
| 1     | pblock_CL |               |                 1 |               1 | SLR0,SLR1,SLR2 |
| 2     |           | pblock_CL_top |                 0 |               0 |           SLR2 |
| 3     |           | pblock_CL_mid |                 0 |               0 |           SLR1 |
| 4     |           | pblock_CL_bot |                 0 |               0 |           SLR0 |
+-------+-----------+---------------+-------------------+-----------------+----------------+


2. Clock Region Statistics
--------------------------

+-------------+--------------------+
| CLOCKREGION | Pblock Sites in CR |
+-------------+--------------------+
| X0Y0        |              1.78% |
| X0Y1        |              1.58% |
| X0Y10       |              1.78% |
| X0Y11       |              1.58% |
| X0Y12       |              1.58% |
| X0Y13       |              1.58% |
| X0Y14       |              1.78% |
| X0Y2        |              1.58% |
| X0Y3        |              1.58% |
| X0Y4        |              1.78% |
| X0Y5        |              1.78% |
| X0Y6        |              1.58% |
| X0Y7        |              1.58% |
| X0Y8        |              1.58% |
| X0Y9        |              1.78% |
| X1Y0        |              1.34% |
| X1Y1        |              1.14% |
| X1Y10       |              1.34% |
| X1Y11       |              1.14% |
| X1Y12       |              1.14% |
| X1Y13       |              1.14% |
| X1Y14       |              1.34% |
| X1Y2        |              1.14% |
| X1Y3        |              1.14% |
| X1Y4        |              1.34% |
| X1Y5        |              1.34% |
| X1Y6        |              1.14% |
| X1Y7        |              1.14% |
| X1Y8        |              1.14% |
| X1Y9        |              1.34% |
| X2Y0        |              1.94% |
| X2Y1        |              1.74% |
| X2Y10       |              1.94% |
| X2Y11       |              1.74% |
| X2Y12       |              1.74% |
| X2Y13       |              1.74% |
| X2Y14       |              1.94% |
| X2Y2        |              1.74% |
| X2Y3        |              1.74% |
| X2Y4        |              1.94% |
| X2Y5        |              1.94% |
| X2Y6        |              1.74% |
| X2Y7        |              1.74% |
| X2Y8        |              1.74% |
| X2Y9        |              1.94% |
| X3Y0        |              0.93% |
| X3Y1        |              0.73% |
| X3Y10       |              1.34% |
| X3Y11       |              1.14% |
| X3Y12       |              1.14% |
| X3Y13       |              1.14% |
| X3Y14       |              1.34% |
| X3Y2        |              0.73% |
| X3Y3        |              0.73% |
| X3Y4        |              0.93% |
| X3Y5        |              0.93% |
| X3Y6        |              0.73% |
| X3Y7        |              0.73% |
| X3Y8        |              0.73% |
| X3Y9        |              0.93% |
| X4Y10       |              1.78% |
| X4Y11       |              1.58% |
| X4Y12       |              1.58% |
| X4Y13       |              1.58% |
| X4Y14       |              1.78% |
| X5Y10       |              1.51% |
| X5Y11       |              1.31% |
| X5Y12       |              1.31% |
| X5Y13       |              1.31% |
| X5Y14       |              1.51% |
+-------------+--------------------+


3. CLB Logic
------------

+----------------------------+--------+--------+--------------+--------+-------+-----------+-------+
|          Site Type         | Parent |  Child | Non-Assigned |  Used  | Fixed | Available | Util% |
+----------------------------+--------+--------+--------------+--------+-------+-----------+-------+
| CLB LUTs                   |  14003 | 127251 |            0 | 141242 |     0 |    895200 | 15.78 |
|   LUT as Logic             |  10723 | 115237 |            0 | 125948 |     0 |    895200 | 14.07 |
|   LUT as Memory            |   3280 |  12014 |            0 |  15294 |     0 |    450720 |  3.39 |
|     LUT as Distributed RAM |     32 |   6156 |            0 |   6188 |     0 |           |       |
|     LUT as Shift Register  |   3248 |   5858 |            0 |   9106 |     0 |           |       |
| CLB Registers              |  35733 | 184244 |            0 | 219977 |     6 |   1790400 | 12.29 |
|   Register as Flip Flop    |  35733 | 184241 |            0 | 219974 |     6 |   1790400 | 12.29 |
|   Register as Latch        |      0 |      0 |            0 |      0 |     0 |   1790400 |  0.00 |
|   Register as AND/OR       |      0 |      3 |            0 |      3 |     0 |   1790400 | <0.01 |
| CARRY8                     |    293 |   2236 |            0 |   2529 |     0 |    111900 |  2.26 |
| F7 Muxes                   |    599 |   2637 |            0 |   3236 |     0 |    447600 |  0.72 |
| F8 Muxes                   |    232 |    577 |            0 |    809 |     0 |    223800 |  0.36 |
| F9 Muxes                   |      0 |      0 |            0 |      0 |     0 |    111900 |  0.00 |
+----------------------------+--------+--------+--------------+--------+-------+-----------+-------+


3.1 Summary of Registers by Type
--------------------------------

+--------+--------------+-------------+--------------+
|  Total | Clock Enable | Synchronous | Asynchronous |
+--------+--------------+-------------+--------------+
| 3      |            _ |           - |            - |
| 0      |            _ |           - |          Set |
| 0      |            _ |           - |        Reset |
| 0      |            _ |         Set |            - |
| 0      |            _ |       Reset |            - |
| 0      |          Yes |           - |            - |
| 709    |          Yes |           - |          Set |
| 2992   |          Yes |           - |        Reset |
| 9360   |          Yes |         Set |            - |
| 206913 |          Yes |       Reset |            - |
+--------+--------------+-------------+--------------+


4. CLB Logic Distribution
-------------------------

+-------------------------------------------+--------+--------+--------------+--------+-------+-----------+-------+
|                 Site Type                 | Parent |  Child | Non-Assigned |  Used  | Fixed | Available | Util% |
+-------------------------------------------+--------+--------+--------------+--------+-------+-----------+-------+
| CLB                                       |   6877 |  30245 |            0 |  33610 |     0 |    111900 | 30.04 |
|   CLBL                                    |   3480 |  15138 |            0 |  16816 |     0 |           |       |
|   CLBM                                    |   3397 |  15107 |            0 |  16794 |     0 |           |       |
| LUT as Logic                              |  10723 | 115237 |            0 | 125948 |     0 |    895200 | 14.07 |
|   using O5 output only                    |    170 |   1756 |            0 |   1914 |       |           |       |
|   using O6 output only                    |   8129 |  85938 |            0 |  94055 |       |           |       |
|   using O5 and O6                         |   2424 |  27543 |            0 |  29979 |       |           |       |
| LUT as Memory                             |   3280 |  12014 |            0 |  15294 |     0 |    450720 |  3.39 |
|   LUT as Distributed RAM                  |     32 |   6156 |            0 |   6188 |     0 |           |       |
|     using O5 output only                  |      0 |      0 |            0 |      0 |       |           |       |
|     using O6 output only                  |      0 |      0 |            0 |      0 |       |           |       |
|     using O5 and O6                       |     32 |   6156 |            0 |   6188 |       |           |       |
|   LUT as Shift Register                   |   3248 |   5858 |            0 |   9106 |     0 |           |       |
|     using O5 output only                  |      0 |      0 |            0 |      0 |       |           |       |
|     using O6 output only                  |    192 |   5744 |            0 |   5936 |       |           |       |
|     using O5 and O6                       |   3056 |    114 |            0 |   3170 |       |           |       |
| LUT Flip Flop Pairs                       |   6915 |  56348 |            0 |  64191 |     0 |    895200 |  7.17 |
|   fully used LUT-FF pairs                 |   2949 |  16626 |            0 |  19614 |       |           |       |
|   LUT-FF pairs with one unused LUT output |   3895 |  38265 |            0 |  42983 |       |           |       |
|   LUT-FF pairs with one unused Flip Flop  |   3205 |  27704 |            0 |  30831 |       |           |       |
| Unique Control Sets                       |    448 |   4060 |            0 |   4503 |       |           |       |
+-------------------------------------------+--------+--------+--------------+--------+-------+-----------+-------+
* Note: Review the Control Sets Report for more information regarding control sets.


5. BLOCKRAM
-----------

+-------------------+--------+-------+--------------+------+-------+-----------+-------+
|     Site Type     | Parent | Child | Non-Assigned | Used | Fixed | Available | Util% |
+-------------------+--------+-------+--------------+------+-------+-----------+-------+
| Block RAM Tile    |     78 |   429 |            0 |  507 |     0 |      1680 | 30.18 |
|   RAMB36/FIFO*    |     75 |   420 |            0 |  495 |     0 |      1680 | 29.46 |
|     RAMB36E2 only |     75 |   420 |            0 |  495 |       |           |       |
|   RAMB18          |      6 |    18 |            0 |   24 |     0 |      3360 |  0.71 |
|     RAMB18E2 only |      6 |    18 |            0 |   24 |       |           |       |
| URAM              |      0 |     0 |            0 |    0 |     0 |       800 |  0.00 |
+-------------------+--------+-------+--------------+------+-------+-----------+-------+
* Note: Each Block RAM Tile only has one FIFO logic available and therefore can accommodate only one FIFO36E2 or one FIFO18E2. However, if a FIFO18E2 occupies a Block RAM Tile, that tile can still accommodate a RAMB18E2


6. ARITHMETIC
-------------

+----------------+--------+-------+--------------+------+-------+-----------+-------+
|    Site Type   | Parent | Child | Non-Assigned | Used | Fixed | Available | Util% |
+----------------+--------+-------+--------------+------+-------+-----------+-------+
| DSPs           |      0 |     9 |            0 |    9 |     0 |      5640 |  0.16 |
|   DSP_ALU only |      0 |     9 |            0 |    9 |       |           |       |
+----------------+--------+-------+--------------+------+-------+-----------+-------+


7. I/O
------

+------------------+--------+-------+--------------+------+-------+-----------+-------+
|     Site Type    | Parent | Child | Non-Assigned | Used | Fixed | Available | Util% |
+------------------+--------+-------+--------------+------+-------+-----------+-------+
| Bonded IOB       |      0 |     0 |            0 |    0 |     0 |       468 |  0.00 |
| HPIOB_M          |      0 |     0 |            0 |    0 |     0 |       216 |  0.00 |
| HPIOB_S          |      0 |     0 |            0 |    0 |     0 |       216 |  0.00 |
| HPIOB_SNGL       |      0 |     0 |            0 |    0 |     0 |        36 |  0.00 |
| HPIOBDIFFINBUF   |      0 |    57 |            0 |   57 |    57 |       480 | 11.88 |
|   DIFFINBUF      |      0 |    57 |            0 |   57 |    57 |           |       |
| HPIOBDIFFOUTBUF  |      0 |     0 |            0 |    0 |     0 |       480 |  0.00 |
| BITSLICE_CONTROL |      0 |    72 |            0 |   72 |     0 |       160 | 45.00 |
| BITSLICE_RX_TX   |      0 |   354 |            0 |  354 |   354 |      1040 | 34.04 |
|   RXTX_BITSLICE  |      0 |   354 |            0 |  354 |   354 |           |       |
| BITSLICE_TX      |      0 |    72 |            0 |   72 |     0 |       160 | 45.00 |
| RIU_OR           |      0 |    36 |            0 |   36 |     0 |        80 | 45.00 |
+------------------+--------+-------+--------------+------+-------+-----------+-------+


8. CLOCK
--------

+----------------------+--------+-------+--------------+------+-------+-----------+-------+
|       Site Type      | Parent | Child | Non-Assigned | Used | Fixed | Available | Util% |
+----------------------+--------+-------+--------------+------+-------+-----------+-------+
| GLOBAL CLOCK BUFFERs |      1 |    10 |            0 |   11 |     0 |      1200 |  0.92 |
|   BUFGCE             |      1 |    10 |            0 |   11 |     0 |       480 |  2.29 |
|   BUFGCE_DIV         |      0 |     0 |            0 |    0 |     0 |        80 |  0.00 |
|   BUFG_GT            |      0 |     0 |            0 |    0 |     0 |       480 |  0.00 |
|   BUFGCTRL*          |      0 |     0 |            0 |    0 |     0 |       160 |  0.00 |
| PLL                  |      0 |     9 |            0 |    9 |     0 |        40 | 22.50 |
| MMCM                 |      0 |     3 |            0 |    3 |     3 |        20 | 15.00 |
+----------------------+--------+-------+--------------+------+-------+-----------+-------+
* Note: Each used BUFGCTRL counts as two global buffer resources. This table does not include global clocking resources, only buffer cell usage. See the Clock Utilization Report (report_clock_utilization) for detailed accounting of global clocking resource availability.


9. ADVANCED
-----------

+------------------+--------+-------+--------------+------+-------+-----------+-------+
|     Site Type    | Parent | Child | Non-Assigned | Used | Fixed | Available | Util% |
+------------------+--------+-------+--------------+------+-------+-----------+-------+
| CMACE4           |      0 |     0 |            0 |    0 |     0 |         9 |  0.00 |
| GTYE4_CHANNEL    |      0 |     0 |            0 |    0 |     0 |        56 |  0.00 |
| GTYE4_COMMON     |      0 |     0 |            0 |    0 |     0 |        14 |  0.00 |
| ILKNE4           |      0 |     0 |            0 |    0 |     0 |         5 |  0.00 |
| OBUFDS_GTE4      |      0 |     0 |            0 |    0 |     0 |        28 |  0.00 |
| OBUFDS_GTE4_ADV  |      0 |     0 |            0 |    0 |     0 |        28 |  0.00 |
| PCIE40E4         |      0 |     0 |            0 |    0 |     0 |         4 |  0.00 |
| SYSMONE4         |      0 |     0 |            0 |    0 |     0 |         1 |  0.00 |
| LAGUNA Registers |      0 |     0 |            0 |    0 |     0 |     46080 |  0.00 |
|   as TX_REG      |      0 |     0 |            0 |    0 |       |           |       |
|   as RX_REG      |      0 |     0 |            0 |    0 |       |           |       |
+------------------+--------+-------+--------------+------+-------+-----------+-------+


10. CONFIGURATION
-----------------

+-------------+--------+-------+--------------+------+-------+-----------+-------+
|  Site Type  | Parent | Child | Non-Assigned | Used | Fixed | Available | Util% |
+-------------+--------+-------+--------------+------+-------+-----------+-------+
| BSCANE2     |      0 |     0 |            0 |    0 |     0 |         4 |  0.00 |
| DNA_PORTE2  |      0 |     0 |            0 |    0 |     0 |         1 |  0.00 |
| EFUSE_USR   |      0 |     0 |            0 |    0 |     0 |         1 |  0.00 |
| FRAME_ECCE4 |      0 |     0 |            0 |    0 |     0 |         1 |  0.00 |
| ICAPE3      |      0 |     0 |            0 |    0 |     0 |         2 |  0.00 |
| MASTER_JTAG |      0 |     0 |            0 |    0 |     0 |         1 |  0.00 |
| STARTUPE3   |      0 |     0 |            0 |    0 |     0 |         1 |  0.00 |
+-------------+--------+-------+--------------+------+-------+-----------+-------+


11. Primitives
--------------

+------------------+--------+---------------------+
|     Ref Name     |  Used  | Functional Category |
+------------------+--------+---------------------+
| FDRE             | 206913 |            Register |
| LUT3             |  49203 |                 CLB |
| LUT6             |  49091 |                 CLB |
| LUT5             |  21117 |                 CLB |
| LUT4             |  20121 |                 CLB |
| LUT2             |  14024 |                 CLB |
| RAMD32           |   9956 |                 CLB |
| FDSE             |   9360 |            Register |
| SRL16E           |   8548 |                 CLB |
| SRLC32E          |   3722 |                 CLB |
| MUXF7            |   3236 |                 CLB |
| FDCE             |   2992 |            Register |
| CARRY8           |   2529 |                 CLB |
| RAMS32           |   2420 |                 CLB |
| LUT1             |   2371 |                 CLB |
| MUXF8            |    809 |                 CLB |
| FDPE             |    709 |            Register |
| RAMB36E2         |    495 |           Block Ram |
| RXTX_BITSLICE    |    354 |                 I/O |
| IBUFCTRL         |    273 |              Others |
| OBUFT_DCIEN      |    216 |                 I/O |
| INBUF            |    216 |                 I/O |
| OBUFT            |    108 |                 I/O |
| OBUF             |     84 |                 I/O |
| TX_BITSLICE_TRI  |     72 |                 I/O |
| BITSLICE_CONTROL |     72 |                 I/O |
| DIFFINBUF        |     57 |                 I/O |
| INV              |     54 |                 CLB |
| RIU_OR           |     36 |                 I/O |
| HPIO_VREF        |     27 |                 I/O |
| RAMB18E2         |     24 |           Block Ram |
| BUFGCE           |     11 |               Clock |
| PLLE4_ADV        |      9 |               Clock |
| DSP_PREADD_DATA  |      9 |          Arithmetic |
| DSP_PREADD       |      9 |          Arithmetic |
| DSP_OUTPUT       |      9 |          Arithmetic |
| DSP_M_DATA       |      9 |          Arithmetic |
| DSP_MULTIPLIER   |      9 |          Arithmetic |
| DSP_C_DATA       |      9 |          Arithmetic |
| DSP_A_B_DATA     |      9 |          Arithmetic |
| DSP_ALU          |      9 |          Arithmetic |
| SRLC16E          |      6 |                 CLB |
| MMCME4_ADV       |      3 |               Clock |
| AND2B1L          |      3 |              Others |
+------------------+--------+---------------------+


12. Black Boxes
---------------

+----------+------+
| Ref Name | Used |
+----------+------+


13. Instantiated Netlists
-------------------------

+---------------+------+
|    Ref Name   | Used |
+---------------+------+
| ddr4_core_phy |    4 |
| xsdbm_CV      |    1 |
| xsdbm         |    1 |
| sh_shim       |    1 |
| sh_sda        |    1 |
| dbg_hub_CV    |    1 |
| cl_dram_dma   |    1 |
| WRAPPER       |    1 |
+---------------+------+


14. SLR Connectivity and Clocking Utilization
---------------------------------------------

+----------+-----------------+---------+-----------------+--------------+-------+-------+
|          | Total SLLs Used | (%)SLLs | BUFGs/BUFGCTRLs | BUFH/BUFHCEs | BUFRs | MMCMs |
+----------+-----------------+---------+-----------------+--------------+-------+-------+
| SLR2     |                 |         |               3 |            0 |     0 |     1 |
| ||||||-> |            1813 |   10.49 |                 |              |       |       |
| SLR1     |                 |         |               5 |            0 |     0 |     1 |
| ||||||-> |            8244 |   47.71 |                 |              |       |       |
| SLR0     |                 |         |               3 |            0 |     0 |     1 |
+----------+-----------------+---------+-----------------+--------------+-------+-------+
| Total    |           10057 |         |              11 |            0 |     0 |     3 |
+----------+-----------------+---------+-----------------+--------------+-------+-------+


15. SLR Connectivity Matrix
---------------------------

+------+------+------+------+
|      | SLR2 | SLR1 | SLR0 |
+------+------+------+------+
| SLR2 |    0 | 1813 |   10 |
| SLR1 | 1813 |    0 | 8244 |
| SLR0 |   10 | 8244 |    0 |
+------+------+------+------+


16. SLR CLB Logic and Dedicated Block Utilization
-------------------------------------------------

+-----------+-------+---------+------------+-------------+---------------+-----------+-------+------+------+
| SLR Index |  CLBs | (%)CLBs | Total LUTs | Memory LUTs | (%)Total LUTs | Registers | BRAMs | URAM | DSPs |
+-----------+-------+---------+------------+-------------+---------------+-----------+-------+------+------+
| SLR2      |  8375 |   17.00 |      34918 |        4987 |          8.86 |     54398 | 132.5 |    0 |    3 |
| SLR1      | 16835 |   34.18 |      72985 |        6855 |         18.52 |    117806 | 277.5 |    0 |    3 |
| SLR0      |  8400 |   17.05 |      33339 |        3452 |          8.46 |     47773 |    97 |    0 |    3 |
+-----------+-------+---------+------------+-------------+---------------+-----------+-------+------+------+
| Total     | 33610 |         |     141242 |       15294 |               |    219977 |   507 |    0 |    9 |
+-----------+-------+---------+------------+-------------+---------------+-----------+-------+------+------+


17. SLR IO Utilization
----------------------

+-----------+-------------+---------+--------------+----------+--------------+----------+-----+
| SLR Index | Bonded IOBs | (%)IOBs | Bonded IPADs | (%)IPADs | Bonded OPADs | (%)OPADs | GTs |
+-----------+-------------+---------+--------------+----------+--------------+----------+-----+
| SLR2      |           0 |    0.00 |            0 |     0.00 |            0 |     0.00 |   0 |
| SLR1      |           0 |    0.00 |            0 |     0.00 |            0 |     0.00 |   0 |
| SLR0      |           0 |    0.00 |            0 |     0.00 |            0 |     0.00 |   0 |
+-----------+-------------+---------+--------------+----------+--------------+----------+-----+
| Total     |           0 |         |            0 |          |            0 |          |   0 |
+-----------+-------------+---------+--------------+----------+--------------+----------+-----+


